                          CONFORMAL (R)
                   Version 23.10-s300 (30-Aug-2023) (64 bit executable)
   Copyright (c) Cadence Design Systems, Inc., 1997-2023. All Rights Reserved


This program is proprietary and confidential information belonging to
Cadence Design Systems, Inc., and may be used and disclosed only as authorized
in a license agreement controlling such use and disclosure.

// Warning: This version is 540 days old. You can download the latest version from http://downloads.cadence.com.

0
// Command: usage -auto -elapse
CPU time     : 0.26    seconds
Elapse time  : 0       seconds
Memory usage : 79.48   M bytes
0
// Command: set_mapping_method -sensitive
0
// Command: set_verification_information rtl_mapv_db
// Verification information is set to /home/d/deirmentz/rtl_mapv_db.
0
CPU time     : 0.49    seconds
Elapse time  : 0       seconds
Memory usage : 88.98   M bytes
// Command: set lec_version_required "18.10204"
18.10204
// Command: if {$lec_version >= $lec_version_required} {
//              set_flatten_model -verification_info_strip_cdn_name_extension
//          }
// Command: set_flatten_model -verification_info_strip_cdn_name_extension
0
// Command: read_implementation_information fv/picorv32 -revised mapv
// Reading implementation information from fv/picorv32 ...
// Note: Implementation information 'mapv.fv.json' will be used
================================================================================
          Information Category                         Count
--------------------------------------------------------------------------------
     Sequential instance phase                          1961
       Sequential optimization                           165
        Sequential duplication                             0
         Boundary optimization                            88
            Synthesis equation                            13
    Combinational loop breaker                             0
                       Mapping                             0
================================================================================
// Note: Read implementation information successfully.
0
CPU time     : 0.65    seconds
Elapse time  : 1       seconds
Memory usage : 94.48   M bytes
// Command: set_parallel_option -threads 1,4 -norelease_license
// Number of threads is set to 1,4.
0
// Command: set_compare_options -threads 1,4
Set computing threads of compare to 1,4.
0
// Command: set env(RC_VERSION)     "22.13-s093_1"
22.13-s093_1
// Command: set env(CDN_SYNTH_ROOT) "/mnt/apps/prebuilt/eda/cadence/2023-24/RHELx86/DDIEXPORT_22.33.000/GENUS221/tools.lnx86"
/mnt/apps/prebuilt/eda/cadence/2023-24/RHELx86/DDIEXPORT_22.33.000/GENUS221/tools.lnx86
// Command: set CDN_SYNTH_ROOT      "/mnt/apps/prebuilt/eda/cadence/2023-24/RHELx86/DDIEXPORT_22.33.000/GENUS221/tools.lnx86"
/mnt/apps/prebuilt/eda/cadence/2023-24/RHELx86/DDIEXPORT_22.33.000/GENUS221/tools.lnx86
// Command: set env(CW_DIR) "/mnt/apps/prebuilt/eda/cadence/2023-24/RHELx86/DDIEXPORT_22.33.000/GENUS221/tools.lnx86/lib/chipware"
/mnt/apps/prebuilt/eda/cadence/2023-24/RHELx86/DDIEXPORT_22.33.000/GENUS221/tools.lnx86/lib/chipware
// Command: set CW_DIR      "/mnt/apps/prebuilt/eda/cadence/2023-24/RHELx86/DDIEXPORT_22.33.000/GENUS221/tools.lnx86/lib/chipware"
/mnt/apps/prebuilt/eda/cadence/2023-24/RHELx86/DDIEXPORT_22.33.000/GENUS221/tools.lnx86/lib/chipware
// Command: set lec_version_required "21.20249"
21.20249
// Command: if { ($lec_version < $lec_version_required) &&
//              [file exists /mnt/apps/prebuilt/eda/cadence/2023-24/RHELx86/DDIEXPORT_22.33.000/GENUS221/tools.lnx86/lib/chipware/old_encrypt_sim]} {
//              set env(CW_DIR_SIM) "/mnt/apps/prebuilt/eda/cadence/2023-24/RHELx86/DDIEXPORT_22.33.000/GENUS221/tools.lnx86/lib/chipware/old_encrypt_sim"
//              set CW_DIR_SIM      "/mnt/apps/prebuilt/eda/cadence/2023-24/RHELx86/DDIEXPORT_22.33.000/GENUS221/tools.lnx86/lib/chipware/old_encrypt_sim"
//          } else {
//              set env(CW_DIR_SIM) "/mnt/apps/prebuilt/eda/cadence/2023-24/RHELx86/DDIEXPORT_22.33.000/GENUS221/tools.lnx86/lib/chipware/sim"
//              set CW_DIR_SIM      "/mnt/apps/prebuilt/eda/cadence/2023-24/RHELx86/DDIEXPORT_22.33.000/GENUS221/tools.lnx86/lib/chipware/sim"
//          }
/mnt/apps/prebuilt/eda/cadence/2023-24/RHELx86/DDIEXPORT_22.33.000/GENUS221/tools.lnx86/lib/chipware/sim
// Command: set_multiplier_implementation boothrca -both
0
// Command: set_undefined_cell black_box -noascend -both
0
// Command: add_search_path /mnt/apps/prebuilt/eda/designkits/GPDK/gsclib045/lan/flow/t1u1/reference_libs/GPDK045/gsclib045_svt_v4.4/gsclib045/timing/ -library -both
0
// Command: read_library -liberty -both \
//              /mnt/apps/prebuilt/eda/designkits/GPDK/gsclib045/lan/flow/t1u1/reference_libs/GPDK045/gsclib045_svt_v4.4/gsclib045/timing/slow_vdd1v0_basicCells.lib
// Parsing file /mnt/apps/prebuilt/eda/designkits/GPDK/gsclib045/lan/flow/t1u1/reference_libs/GPDK045/gsclib045_svt_v4.4/gsclib045/timing/slow_vdd1v0_basicCells.lib ...
// Warning: (RTL9.17) Cell doesn't have any output pins or all output pins are undriven (blackboxed) (occurrence:10)
// Note: (RTL9.26) Liberty pin with internal_node use default input_map (occurrence:16)
// Note: Read Liberty library successfully
0
CPU time     : 0.97    seconds
Elapse time  : 2       seconds
Memory usage : 114.82  M bytes
// Command: set_undriven_signal 0 -golden
0
// Command: set lec_version_required "16.20100"
16.20100
// Command: if {$lec_version >= $lec_version_required} {
//              set_naming_style genus -golden
//          } else {
//              set_naming_style rc -golden
//          }
// Command: set_naming_style genus -golden
0
// Command: set_naming_rule "%s\[%d\]" -instance_array -golden
0
// Command: set_naming_rule "%s_reg" -register -golden
0
// Command: set_naming_rule "%L.%s" "%L\[%d\].%s" "%s" -instance -golden
0
// Command: set_naming_rule "%L.%s" "%L\[%d\].%s" "%s" -variable -golden
0
// Command: set lec_version_required "17.10200"
17.10200
// Command: if {$lec_version >= $lec_version_required} {
//              set_naming_rule -ungroup_separator {_} -golden
//          }
// Command: set_naming_rule -ungroup_separator _ -golden
0
// Command: set lec_version_required "17.20301"
17.20301
// Command: if {$lec_version >= $lec_version_required} {
//              set_hdl_options -const_port_extend
//          }
// Command: set_hdl_options -const_port_extend
0
// Command: set_hdl_options -unsigned_conversion_overflow on
0
// Command: set_hdl_option -v_to_vd on
// Command: set_hdl_options -v_to_vd on
// Note: '-v' to '-vd' option is 'ON'
0
// Command: set lec_version_required "20.20226"
20.20226
// Command: if {$lec_version >= $lec_version_required} {
//              set_hdl_options -VERILOG_INCLUDE_DIR "sep:src"
//          } else {
//              set_hdl_options -VERILOG_INCLUDE_DIR "sep:src:cwd"
//          }
// Command: set_hdl_options -VERILOG_INCLUDE_DIR sep:src
0
// Command: delete_search_path -all -design -golden
0
// Command: add_search_path /home/d/deirmentz/VLSI_ASIC/Risc-vVerilog/ -design -golden
0
// Command: read_design  -define SYNTHESIS  -merge bbox -golden -lastmod -noelab  -verilog2k /home/d/deirmentz/VLSI_ASIC/Risc-vVerilog/picorv32.v
// Parsing file /home/d/deirmentz/VLSI_ASIC/Risc-vVerilog/picorv32.v ...
0
// Command: elaborate_design -golden -root {picorv32} -rootonly -rootonly  
// Golden root module is set to 'picorv32'
// Warning: (RTL1.2) Variable/signal is assigned by multiple non-blocking assignments (occurrence:104)
// Warning: (RTL1.4) Assignment with LHS bit width is greater than RHS bit width (occurrence:19)
// Warning: (RTL1.5a) Assignment with RHS bit width is greater than LHS bit width (occurrence:12)
// Warning: (RTL1.5b) Potential loss of RHS msb or carry-out bit (occurrence:3)
// Warning: (RTL1.6) Blocking assignment is in sequential always block (occurrence:3)
// Warning: (RTL5.1b) Parallel case statement may have overlapping case items (occurrence:15)
// Warning: (RTL5.3) Case expressions/items are resized (occurrence:2)
// Note: (RTL5.4) Partial case items are in full case statement (occurrence:10)
// Note: (RTL5.5a) Default case item with non-X assignment(s) (occurrence:1)
// Note: (RTL5.6) Case statement with no default (occurrence:26)
// Warning: (RTL6.1) X created due to the assignment of value X (occurrence:10)
// Warning: (RTL6.1a) X created due to default case item with X assignment(s) (occurrence:1)
// Warning: (RTL7.10a) Comparison with different data sizes (occurrence:6)
// Warning: (RTL7.10b) Ternary branches have different data sizes (occurrence:2)
// Warning: (RTL7.11) Implicit signed expression is converted to unsigned (occurrence:2)
// Warning: (RTL7.13) Logical operator is applied to multiple-bit operand (occurrence:25)
// Warning: (RTL8.3) Unreachable DFF/DLAT is removed (occurrence:721)
// Warning: (RTL14) Signal has input but it has no output (occurrence:499)
// Warning: (RTL14.1) Fanout load of the signal is removed (occurrence:325)
// Warning: (RTL25) Non-automatic task/function (occurrence:1)
// Warning: (VLG3.1) Unsized constant(s) with leading X/Z value is extended beyond 32 bits (occurrence:1)
// Note: (VLG9.2) The `define macro is used (occurrence:5)
// Warning: (VLG15.2) Generate block is not named explicitly by user. LEC will use IEEE naming convention (occurrence:3)
// Warning: (DIR2.1) full_case directive is detected (occurrence:10)
// Warning: (DIR2.2) parallel_case directive is detected (occurrence:16)
// Warning: (DIR4.2) Design includes one or more HDL directives or pragmas that Conformal supports (occurrence:26)
// Warning: (DIR6.1) Ignored compiler directive is detected (occurrence:1)
// Warning: (DIR6.2) Supported compiler directive is detected (occurrence:64)
// Note: (DIR6.3) Conditional compiler directive clause is effective (occurrence:11)
// Warning: (IGN1.1) Initial construct is not supported. The entire initial construct will be ignored (occurrence:1)
// Warning: (HRC3.10a) An input port is declared, but it is not completely used in the module (occurrence:62)
// Warning: (HRC3.16) A wire is declared, but not used in the module (occurrence:15)
0
CPU time     : 1.25    seconds
Elapse time  : 2       seconds
Memory usage : 140.77  M bytes
// Command: read_design -verilog95   -revised -lastmod -noelab map.v
// Parsing file map.v ...
0
CPU time     : 2.05    seconds
Elapse time  : 3       seconds
Memory usage : 171.28  M bytes
// Command: elaborate_design -revised -root {picorv32}
// Revised root module is set to 'picorv32'
// Warning: (RTL14) Signal has input but it has no output (occurrence:6)
// Note: (VLG9.2) The `define macro is used (occurrence:1)
// Warning: (DIR6.2) Supported compiler directive is detected (occurrence:2)
// Note: (DIR6.3) Conditional compiler directive clause is effective (occurrence:1)
// Warning: (HRC3.10a) An input port is declared, but it is not completely used in the module (occurrence:114)
0
CPU time     : 2.49    seconds
Elapse time  : 3       seconds
Memory usage : 164.10  M bytes
// Command: uniquify -all -nolib -golden
Uniquified 1 instance(s) referring to module 'VDW_minus_32' in Golden
Uniquified 1 instance(s) referring to module 'VDW_mult_boothrca_s33_s33_66' in Golden
Uniquified 2 instance(s) referring to module 'VDW_ADD_32_1_0' in Golden
Uniquified 3 module(s)
0
// Command: report_design_data
============================================
Summary           Golden         Revised
============================================
Design-modules        13              18
Library-cells        404            1961
============================================
Primitives      Golden              Revised
============================================
INPUT              102                  102
OUTPUT             307                  307
--------------------------------------------
AND        *      9762                  162
BUF        *        83                    0
DFF        *      2090                 1961
INV        *       560                 8326
MUX        *      5170                 3922
NAND       *        20                12566
NOR        *       643                   81
OR         *      2351                10629
WIRE       *        67                 1969
XNOR       *       679                    0
XOR        *      2019                    0
------ word-level --------------------------
ADD        *        11                    0
EQ         *         1                    0
GE         *         1                    0
LE         *         1                    0
LT         *         2                    0
MULT       *         1                    0
NE         *         1                    0
SLL        *         1                    0
SUBTRACT   *         9                    0
WAND       *         4                    0
WMUX       *       244                    0
WOR        *         2                    0
WSEL       *       135                    0
WXOR       *         1                    0
------ don't care --------------------------
X-assignments     1218                    0
--------------------------------------------
Total            24662                39616

0
// Command: report_black_box
0
// Command: set_flatten_model -seq_constant
0
// Command: set_flatten_model -seq_constant_x_to 0
0
// Command: set_flatten_model -nodff_to_dlat_zero
0
// Command: set_flatten_model -nodff_to_dlat_feedback
0
// Command: set_flatten_model -hier_seq_merge
0
// Command: set_flatten_model -balanced_modeling
0
// Command: set lec_version_required "20.10100"
20.10100
// Command: if {$lec_version >= $lec_version_required} {
//              check_verification_information
//          }
// Command: check_verification_information
Checking Sequential constant...
Checking Sequential merge...
Checking Synthesis equation...
================================================================================
Implementation Information Check Summary: 
--------------------------------------------------------------------------------
Total Sequential Constants:     116
  Name Collision:               0
  Name Ambiguous:               0
  Name not Found:               0
--------------------------------------------------------------------------------
Total Sequential Merges:        12
  Name Collision:               0
  Name Ambiguous:               0
  Name not Found:               0
  Merge Target:
    Name Ambiguous:             0
    Name not Found:             0
--------------------------------------------------------------------------------
Total Synthesis Equations:      13
  Module not Found:             0
  Equation Conflict:            0
  Equation Syntax Error:        0
No Equation Modules:            0
================================================================================
0
CPU time     : 3.25    seconds
Elapse time  : 8       seconds
Memory usage : 168.23  M bytes
// Command: set_analyze_option -auto -report_map
0
// Command: write_hier_compare_dofile hier_tmp2.lec.do -verbose -noexact_pin_match -constraint -usage \
//          -replace -balanced_extraction -input_output_pin_equivalence \
//          -prepend_string "report_design_data; report_unmapped_points -summary; report_unmapped_points -notmapped; analyze_datapath -module -verbose; eval analyze_datapath $DATAPATH_SOLVER_OPTION -verbose"
// The following settings are used for hierarchical dofile generation:
// Modeling Options:
    Auto setup disabled
    GATED_Clock modeling enabled
// Mapping Method:
    Name Only
--------------------------------------------------------------------------------
// Flattening Golden and Revised designs ...
--------------------------------------------------------------------------------
// Read in 12 merge group(s) from verification information.
// Processing Golden ...
// Modeling Golden ...
// Warning: (F34) Converted 1218 X assignment(s) as don't care(s)
// (F21) Merged 12 DFF/DLAT(s) due to added instance equivalences (flatten)
// Processing Revised ...
// Modeling Revised ...
// Balanced modeling mapped 3922 out of 4051 DFF/DLATs
// Collected 116 sequential constant(s) via setup info for Golden
// (F18) Converted 77 DFF/DLAT(s) in (G) to ZERO/ONE
// Converted 39 DFF/DLAT(s) in (G) to ZERO/ONE
// Warning: Golden and Revised have different numbers of key points:
// Golden  key points = 2499
// Revised key points = 2370
// Warning: Automatic key point mapping is skipped
// Command: MAP KEy Points
// Mapping key points ...
================================================================================
Mapped points: SYSTEM class
--------------------------------------------------------------------------------
Mapped points     PI     PO     DFF       Total   
--------------------------------------------------------------------------------
Golden            102    307    1961      2370    
--------------------------------------------------------------------------------
Revised           102    307    1961      2370    
================================================================================
// Note: A key point group is counted as one key point
// Golden has 2 key point groups
Unmapped points:
================================================================================
Golden:
--------------------------------------------------------------------------------
Unmapped points   DFF       Total   
--------------------------------------------------------------------------------
Unreachable       117       117     
================================================================================
CPU time     : 16.27   seconds
Elapse time  : 21      seconds
Memory usage : 206.25  M bytes
--------------------------------------------------------------------------------
// Starting hierarchical dofile generation ...
--------------------------------------------------------------------------------
// Total Matching Module Instance Pairs =  1
// Module Instantiation Ratio in Golden = 1.00
// Module Instantiation Ratio in Revised = 1.00
// Gathering Instance Boundary Information ...
// Extracting Constraints in Golden ...
// Extracting Constraints in Revised ...
// Extracting logic-cone properties of pins ...
// Balancing Constraints ...
// boundary_change values use the revised names to match.
// Resolving Constraints ...
// Writing hierarchical dofile ...
# The following Golden modules are not written because of non-matching
# instance names in Revised:
# picorv32_pcpi_div (Instance: genblk2.pcpi_div) (G)
# picorv32_pcpi_fast_mul (Instance: genblk1.pcpi_mul) (G)
# The following Revised modules are not written because of non-matching
# instance names in Golden:
# addsub_unsigned_1840 (Instance: sub_1235_38_Y_add_1235_58) (R)
# add_unsigned_1100_10 (Instance: add_1864_26) (R)
# add_unsigned_1407 (Instance: add_1312_30) (R)
# add_unsigned_533 (Instance: add_1801_23) (R)
# add_unsigned_533_1492 (Instance: ADD_UNS_OP) (R)
# cdec (Instance: g6349) (R)
# cdec_785 (Instance: g6351) (R)
# cmux (Instance: mux_cpuregs[decoded_rs1]_1347_32) (R)
# cmux_783 (Instance: mux_cpuregs[decoded_rs2]_1348_32) (R)
# increment_unsigned_1138 (Instance: inc_add_382_74) (R)
# increment_unsigned_1653_1655 (Instance: inc_add_1559_34) (R)
# increment_unsigned_1653_2275 (Instance: inc_add_1428_40) (R)
# leq_unsigned_rtlopto_model_1627 (Instance: genblk2.pcpi_div_lte_2493_16) (R)
# mult_signed (Instance: genblk1.pcpi_mul_mul_2366_47) (R)
# sub_unsigned_1156 (Instance: genblk2.pcpi_div_minus_2469_59) (R)
# sub_unsigned_1156_1493 (Instance: genblk2.pcpi_div_minus_2490_26_Y_minus_2488_26) (R)
# sub_unsigned_982_2 (Instance: genblk2.pcpi_div_sub_2494_26_Y_minus_2470_59) (R)
1 module pairs are written for hierarchical comparison
// Command: report mapped point -summary -method
================================================================================
Mapped points: SYSTEM class
--------------------------------------------------------------------------------
Mapped points     PI     PO     DFF       Total   
--------------------------------------------------------------------------------
Golden            102    307    1961      2370    
--------------------------------------------------------------------------------
Revised           102    307    1961      2370    
================================================================================
// Note: A key point group is counted as one key point
// Golden has 2 key point groups
================================================================================
Mapping method    PI     PO     DFF    Total 
--------------------------------------------------------------------------------
Name              102    307    1961   2370  
================================================================================
// Command: report unmapped point -summary
================================================================================
Golden:
--------------------------------------------------------------------------------
Unmapped points   DFF       Total   
--------------------------------------------------------------------------------
Unreachable       117       117     
================================================================================
0
// Command: run_hier_compare hier_tmp2.lec.do -dynamic_hierarchy
// Command: vpxmode
// Command: delete set_seq_merge
// Command: set_seq_merge /decoded_imm_j_reg[20]  /decoded_imm_j_reg[21] -Golden
// Command: set_seq_merge /decoded_imm_j_reg[20]  /decoded_imm_j_reg[22] -Golden
// Command: set_seq_merge /decoded_imm_j_reg[20]  /decoded_imm_j_reg[23] -Golden
// Command: set_seq_merge /decoded_imm_j_reg[20]  /decoded_imm_j_reg[24] -Golden
// Command: set_seq_merge /decoded_imm_j_reg[20]  /decoded_imm_j_reg[25] -Golden
// Command: set_seq_merge /decoded_imm_j_reg[20]  /decoded_imm_j_reg[26] -Golden
// Command: set_seq_merge /decoded_imm_j_reg[20]  /decoded_imm_j_reg[27] -Golden
// Command: set_seq_merge /decoded_imm_j_reg[20]  /decoded_imm_j_reg[28] -Golden
// Command: set_seq_merge /decoded_imm_j_reg[20]  /decoded_imm_j_reg[29] -Golden
// Command: set_seq_merge /decoded_imm_j_reg[20]  /decoded_imm_j_reg[30] -Golden
// Command: set_seq_merge /decoded_imm_j_reg[20]  /decoded_imm_j_reg[31] -Golden
// Command: set_seq_merge /genblk2.pcpi_div/pcpi_ready_reg  /genblk2.pcpi_div/pcpi_wr_reg -Golden
// Command: tclmode
// Running Module picorv32 and picorv32
// Command: set_root_module picorv32 -Golden
// Warning: Golden root module is already at 'picorv32'
0
// Command: set_root_module picorv32 -Revised
// Warning: Revised root module is already at 'picorv32'
0
// Command: set_module_property -instance / -Golden
0
// Command: set_module_property -instance / -Revised
0
// Command: report_black_box -NOHidden
0
// Applying constraints to module boundaries ...
// 73 Golden and 73 Revised pins constrained to constant value
// 32 Golden and 32 Revised pins marked as unreachable
// Command: set_system_mode lec
// Processing Golden ...
// Modeling Golden ...
// Warning: (F34) Converted 1218 X assignment(s) as don't care(s)
// (F21) Merged 12 DFF/DLAT(s) due to added instance equivalences (flatten)
// Processing Revised ...
// Modeling Revised ...
// Balanced modeling mapped 3922 out of 4051 DFF/DLATs
// Collected 116 sequential constant(s) via setup info for Golden
// (F18) Converted 77 DFF/DLAT(s) in (G) to ZERO/ONE
// Converted 39 DFF/DLAT(s) in (G) to ZERO/ONE
CPU time     : 24.06   seconds
Elapse time  : 29      seconds
Memory usage : 218.50  M bytes
// Warning: Golden and Revised have different numbers of key points:
// Golden  key points = 2499
// Revised key points = 2370
// Mapping key points ...
================================================================================
Mapped points: SYSTEM class
--------------------------------------------------------------------------------
Mapped points     PI     PO     DFF       Total   
--------------------------------------------------------------------------------
Golden            102    307    1961      2370    
--------------------------------------------------------------------------------
Revised           102    307    1961      2370    
================================================================================
// Note: A key point group is counted as one key point
// Golden has 2 key point groups
Unmapped points:
================================================================================
Golden:
--------------------------------------------------------------------------------
Unmapped points   DFF       Total   
--------------------------------------------------------------------------------
Unreachable       117       117     
================================================================================
CPU time     : 27.11   seconds
Elapse time  : 32      seconds
Memory usage : 218.50  M bytes
// Running automatic setup...
================================================================================
Mapped points: SYSTEM class
--------------------------------------------------------------------------------
Mapped points     PI     PO     DFF       Total   
--------------------------------------------------------------------------------
Golden            102    307    1961      2370    
--------------------------------------------------------------------------------
Revised           102    307    1961      2370    
================================================================================
// Note: A key point group is counted as one key point
// Golden has 2 key point groups
Unmapped points:
================================================================================
Golden:
--------------------------------------------------------------------------------
Unmapped points   DFF       Total   
--------------------------------------------------------------------------------
Unreachable       117       117     
================================================================================
// Automatic setup finished.
0
CPU time     : 30.20   seconds
Elapse time  : 35      seconds
Memory usage : 219.25  M bytes
// Command: report_design_data
============================================
Summary           Golden         Revised
============================================
Design-modules        13              18
Library-cells        404            1961
============================================
Primitives      Golden              Revised
============================================
INPUT              102                  102
OUTPUT             307                  307
--------------------------------------------
AND        *      9762                  162
BUF        *        83                    0
DFF        *      2090                 1961
INV        *       560                 8326
MUX        *      5170                 3922
NAND       *        20                12566
NOR        *       643                   81
OR         *      2351                10629
WIRE       *        67                 1969
XNOR       *       679                    0
XOR        *      2019                    0
------ word-level --------------------------
ADD        *        11                    0
EQ         *         1                    0
GE         *         1                    0
LE         *         1                    0
LT         *         2                    0
MULT       *         1                    0
NE         *         1                    0
SLL        *         1                    0
SUBTRACT   *         9                    0
WAND       *         4                    0
WMUX       *       244                    0
WOR        *         2                    0
WSEL       *       135                    0
WXOR       *         1                    0
------ don't care --------------------------
X-assignments     1218                    0
--------------------------------------------
Total            24662                39616

// Command: report_unmapped_points -summary
================================================================================
Golden:
--------------------------------------------------------------------------------
Unmapped points   DFF       Total   
--------------------------------------------------------------------------------
Unreachable       117       117     
================================================================================
// Command: report_unmapped_points -notmapped

0 unmapped points reported
// Command: analyze_datapath -module -verbose
// Note: Multithreaded module datapath analysis (MDP) is enabled
// 13 datapath modules are detected based on verification information.
// Note: ADD_UNS_OP : quality evaluated 100% success 
// Note: add_1312_30 : quality evaluated 100% success 
// Note: add_1801_23 : quality evaluated 100% success 
// Note: add_1864_26 : quality evaluated 100% success 
// Note: genblk1.pcpi_mul_mul_2366_47 : quality evaluated 91% success 
// Note: genblk2.pcpi_div_lte_2493_16 : quality evaluated 100% success 
// Note: genblk2.pcpi_div_minus_2469_59 : quality evaluated 100% success 
// Note: genblk2.pcpi_div_minus_2490_26_Y_minus_2488_26 : quality evaluated 100% success 
// Note: genblk2.pcpi_div_sub_2494_26_Y_minus_2470_59 : quality evaluated 100% success 
// Note: inc_add_382_74 : quality evaluated 100% success 
// Note: inc_add_1428_40 : quality evaluated 100% success 
// Note: inc_add_1559_34 : quality evaluated 100% success 
// Note: sub_1235_38_Y_add_1235_58 : quality evaluated 98% success 
// Command: analyze_datapath -flowgraph -verbose
0
CPU time     : 57.86   seconds
Elapse time  : 67      seconds
Memory usage : 249.05  M bytes
// Command: add_compared_points -all
// 2268 compared points added to compare list
0
// Command: compare -noneq_stop 1  -threads 1,4
// Compare will stop on the 1st non-equivalent point
================================================================================
Compared points      PO     DFF       Total   
--------------------------------------------------------------------------------
Equivalent           307    1961      2268    
================================================================================
Compare results of merged compare points                            
================================================================================
Compared points      DFF       Total   
--------------------------------------------------------------------------------
Equivalent           11        11      
================================================================================
Compare results of instance/output/pin equivalences and/or sequential merge      
================================================================================
Compared points      DFF       Total   
--------------------------------------------------------------------------------
Equivalent           67        67      
================================================================================
// Warning: (COMP5) There are 2 equivalent point(s) optimized by don't-care space.
CPU time     : 67.02   seconds
Elapse time  : 78      seconds
Memory usage : 241.12  M bytes
// Command: analyze abort -compare
There is no abort/specified point to be analyzed.
// Command: save_hier_compare_result
0
CPU time     : 69.24   seconds
Elapse time  : 80      seconds
Memory usage : 249.08  M bytes
// Command: set_system_mode setup
0
// Command: usage
CPU time     : 69.25   seconds
Memory usage : 249.08  M bytes
0
Processed 1 out of 1 module pairs	EQ: 1	NEQ: 0	ABORT: 0

================================================================================
Module Comparison Results
--------------------------------------------------------------------------------
Equivalent                     1
--------------------------------------------------------------------------------
Total                          1
--------------------------------------------------------------------------------
Hierarchical compare : Equivalent 
================================================================================
0
CPU time     : 69.38   seconds
Elapse time  : 80      seconds
Memory usage : 251.08  M bytes
// Command: report_hier_compare_result -dynamicflattened
0
// Command: report_verification -hier -verbose
================================================================================
                            Verification Report
--------------------------------------------------------------------------------
Category                                                                  Count
--------------------------------------------------------------------------------
1. Non-standard modeling options used:                                      1
     Tri-stated output:                                        checked
     Revised X signals set to E:                               yes
     Floating signals tied to Z:                               no *
     Command "add clock" for clock-gating:                     not used
--------------------------------------------------------------------------------
2. Incomplete verification:                                                 0
     All primary outputs are mapped:                           yes
     Not-mapped DFF/DLAT is detected:                          no
     All mapped points are added as compare points:            yes
     All compared points are compared:                         yes
     User added black box:                                     no
     Black box mapped with different module name:              no
     Empty module is not black boxed:                          no
     Command "add ignore outputs" used:                        no
     Always false constraints detected:                        no
--------------------------------------------------------------------------------
3. User modification to design:                                             0
     Change gate type:                                         no
     Change wire:                                              no
     Primary input added by user:                              no
--------------------------------------------------------------------------------
4. Conformal Constraint Designer clock domain crossing checks recommended:  1
     RTL5.4 Partial case items in full case statement:         used *
     Multiple clocks in the design:                            no
--------------------------------------------------------------------------------
5. Design ambiguity:                                                        0
     Duplicate module definition:                              no
     Black box due to undefined cells:                         no
     Golden design has abnormal ratio of unreachable gates:    no
     Ratio of golden unreachable gates:                        1%
     Revised design has abnormal ratio of unreachable gates:   no
     Ratio of revised unreachable gates:                       0%
     All primary input bus ordering is consistent:             yes
     All primary output bus ordering is consistent:            yes
     DFF/DLAT not compared due to disabled clock port(s):        0
     Always X compared point is detected:                      not checked
--------------------------------------------------------------------------------
6. Compare Results:                                                        PASS
     Number of EQ compare points:                              2346
     Number of NON-EQ compare points:                          0
     Number of Aborted compare points:                         0
     Number of Uncompared compare points :                     0
================================================================================
pass
// Command: set_system_mode lec
0
// Command: write_compared_points noneq.compared_points.picorv32.rtl.mapv.tcl -class noneq -tclmode -replace
0
// Command: set lec_version_required "21.10100"
21.10100
// Command: if {$lec_version >= $lec_version_required} {
//              analyze_nonequivalent -source_diagnosis
//              report_nonequivalent_analysis > noneq.source_diag.picorv32.rtl.mapv.rpt
//          }
// Command: analyze_nonequivalent -source_diagnosis
// Warning: Non-equivalent points do not exist.
// Command: report_nonequivalent_analysis > noneq.source_diag.picorv32.rtl.mapv.rpt
0
// Command: report_test_vector -noneq > noneq.test_vector.picorv32.rtl.mapv.rpt
0
// Command: set_system_mode setup
0
// Command: write_verification_information
// Verification information is written to rtl_mapv_db.
0
// Command: report_verification_information
// Generating reports on verification information at /home/d/deirmentz/rtl_mapv_db...
LEC run scores:
================================================================================
Step                Score     Range          
--------------------------------------------------------------------------------
result_status       10        10             
runtime             10        10             
mapping             10        10             
sequential_constant 10        10             
sequential_merge    10        10             
sequential_phase    10        10             
datapath_analysis   10        10             
combinational_loop  5         10             
mismatch_detection  5         10             
overall             80        90             
================================================================================
LEC results versus attributes:
================================================================================
Attribute           Total     Inconsistency  Combined Table                
--------------------------------------------------------------------------------
sequential_constant 116       0              sequential_constant.json      
sequential_merge    12        0              sequential_merge.json         
sequential_phase    1961      0              sequential_phase.json         
================================================================================
The tables can be viewed directly using web interface.
// Done with reporting verification information.
0
// Command: set lec_version_required "18.20330"
18.20330
// Command: if {$lec_version >= $lec_version_required} {
//              report_implementation_information
//          }
// Command: report_implementation_information
// Reporting implementation information...
// Information summary:
================================================================================
        Information Category     Total      Used    Unused  Rejected     Abort
--------------------------------------------------------------------------------
   Sequential instance phase      1961      1961         0         0         0
               Phase mapping         0         0         0         0         0
         Sequential constant       116       116         0         0         0
            Sequential merge        12        12         0         0         0
      Sequential unreachable        37         1        36         0         0
      Sequential duplication         0         0         0         0         0
       Boundary optimization        88        16        72         0         0
          Synthesis equation        13        13         0         0         0
  Combinational loop breaker         0         0         0         0         0
================================================================================
0
// Command: set_system_mode lec
0
// Command: puts "No of compare points = [get_compare_points -count]"
// Command: get_compare_points -count
No of compare points = 2346
// Command: puts "No of diff points    = [get_compare_points -NONequivalent -count]"
// Command: get_compare_points -NONequivalent -count
No of diff points    = 0
// Command: puts "No of abort points   = [get_compare_points -abort -count]"
// Command: get_compare_points -abort -count
No of abort points   = 0
// Command: puts "No of unknown points = [get_compare_points -unknown -count]"
// Command: get_compare_points -unknown -count
No of unknown points = 0
// Command: if {[get_compare_points -count] == 0} {
//              puts "---------------------------------"
//              puts "ERROR: No compare points detected"
//              puts "---------------------------------"
//          }
// Command: get_compare_points -count
// Command: if {[get_compare_points -NONequivalent -count] > 0} {
//              puts "------------------------------------"
//              puts "ERROR: Different Key Points detected"
//              puts "------------------------------------"
//          }
// Command: get_compare_points -NONequivalent -count
// Command: if {[get_compare_points -abort -count] > 0} {
//              puts "-----------------------------"
//              puts "ERROR: Abort Points detected "
//              puts "-----------------------------"
//          }
// Command: get_compare_points -abort -count
// Command: if {[get_compare_points -unknown -count] > 0} {
//              puts "----------------------------------"
//              puts "ERROR: Unknown Key Points detected"
//              puts "----------------------------------"
//          }
// Command: get_compare_points -unknown -count
// Command: set lec_version_required "19.10100"
19.10100
// Command: if {$lec_version >= $lec_version_required} {
//              analyze_results -logfiles $logfile
//          }
// Command: analyze_results -logfiles rtl_map.lec.log
// Analyzing logfile 'rtl_map.lec.log'
// Warning: Analyze results collects information from the log file but does not
//          qualify the execution or completeness of the run.
// Logfile Results
================================================================================
|                  Conformal Version |23.10-s300 
|                        Root Module |picorv32 
|                           CPU Time |69 sec
|                       Elapsed Time |80 sec
|                             Memory |251.08 MB
|              Power Grid Comparison |N/A 
|               Power Intent Compare |N/A 
|           Supply Power Consistency |N/A 
|        Retention Power Consistency |N/A 
|             Compare Power Crossing |N/A 
|                     LEC Comparison |PASS 
|                 Flatten Comparison |N/A 
|            Hierarchical Comparison |PASS 
|                      Logfile Lines |815 
|                       Logfile Name |rtl_map.lec.log 
|              Logfile Modified Time |Fri Feb 21 16:32:14 2025 
|         Implementation Information |fv/picorv32 
|       Set Verification Information |/home/d/deirmentz/rtl_mapv_db 
|      Read Verification Information |N/A 
|                   Analysis Elapsed |0.2 sec
|                    Runtime / #Gate |0.0 sec
|Matched back-to-back isolation cell |N/A 
|            Time-consuming commands | 1. analyze datapath: 32s(40.00%) (execute 2 time(s))
|                                    | 2. set system mode: 14s(17.50%) (execute 5 time(s))
|                                    | 3. map key points: 13s(16.25%) (execute 1 time(s))
================================================================================
           
// Usage Breakdown Summary
================================================================================
|Command                   |  Total Elapse Time|  Total CPU Time|    Peak Memory
--------------------------------------------------------------------------------
|read library              |                1 s|             0 s|      114.82 MB
|read design -golden       |                0 s|             0 s|        0.00 MB
|read design -revised      |                1 s|             1 s|      171.28 MB
|write hier_compare dofile |               13 s|            13 s|      206.25 MB
|run hier_compare          |               51 s|            45 s|      251.08 MB
           
// Critical Warnings
================================================================================
|Occurrence|Warning
--------------------------------------------------------------------------------
|6         |(RTL7.10a) Comparison with different data sizes
|2         |(RTL5.3) Case expressions/items are resized
|2         |(RTL7.10b) Ternary branches have different data sizes
================================================================================
           
           
// Hierarchical Comparison Information
--------------------------------------------------------------------------------
// Hierarchical Run #1
             
// Write Dofile Command          : write_hier_compare_dofile hier_tmp2.lec.do -verbose -noexact_pin_match -constraint -usage -replace -balanced_extraction -input_output_pin_equivalence -prepend_string "report_design_data; report_unmapped_points -summary; report_unmapped_points -notmapped; analyze_datapath -module -verbose; eval analyze_datapath $DATAPATH_SOLVER_OPTION -verbose" (line: 306)
// Run Hier_compare Command      : run_hier_compare hier_tmp2.lec.do -dynamic_hierarchy (line: 421)
// Hierarchical Compare Result   : Equivalent
// Smart instance selection      : Disable
           
// Hierarchical Comparison Statistics
================================================================================
|     Modules|       Total|         Max|         Min|         Avg
--------------------------------------------------------------------------------
|           1|          59|          59|          59|          59
================================================================================
  Modules: Total number of modules.
  Total: Sum of all module runtimes(sec).
  Max: Runtime of module with longest runtime.
  Min: Runtime of module with shortest runtime.
  Avg: Average runtime of all modules.
           
// Bottleneck Modules: 
// Note: Report skipped due to brief overall runtime
 
// Smart LEC Parallel Hierarchical Comparison Analysis
// Note: Analysis is skipped due to brief overall runtime
--------------------------------------------------------------------------------
               
// Resource usages of analysis: Cpu=0.38s Mem=194MB
0
// Command: report_statistics
Mapping and compare statistics
================================================================================
                     Compare Result       Golden            Revised
--------------------------------------------------------------------------------
Root module name                          picorv32          picorv32          

Primary inputs                               102                102
   Mapped                                    102                102

Primary outputs                              307                307
   Mapped                                    307                307
      Equivalent                307

State key points                            2090               1961
   Mapped                                   1961               1961
      Equivalent               1961
   Unmapped                                  117                  0
      Unreachable                            117                  0
   Merged                                     12                  0
================================================================================
Compare results of merged compare points                            
================================================================================
Compared points      DFF       Total   
--------------------------------------------------------------------------------
Equivalent           11        11      
================================================================================
Compare results of instance/output/pin equivalences and/or sequential merge      
================================================================================
Compared points      DFF       Total   
--------------------------------------------------------------------------------
Equivalent           67        67      
================================================================================
0

Standard input has been closed.
